INFO    : XPlanePlugin   :  INFO: Trying to load dataref from:
INFO    : XPlanePlugin   :  ---------------------------------
INFO    : XPlanePlugin   :  C:\Users\couss\OneDrive\Bureau\XPlaneTouchPortalPlugin\TouchPortalSide\Datarefs.json
INFO    : XPlanePlugin   :  ---------------------------------
INFO    : XPlanePlugin   :  Starting Touch Portal PLugin XPlanePlugin v 1.0
INFO    : XPlanePlugin   :  
INFO    : XPlanePlugin   :  
INFO    : XPlanePlugin   :  
INFO    : XPlanePlugin   :  
INFO    : XPlanePlugin   :  [SIGNAL]: Touch Portal Event Action on Adirs IR3
INFO    : XPlanePlugin   :  [SIGNAL]: Touch Portal Event Action on Adirs IR2
INFO    : XPlanePlugin   :  [SIGNAL]: Touch Portal Event Action on Adirs IR2
INFO    : XPlanePlugin   :  [SIGNAL]: Touch Portal Event Action on Battery 1
INFO    : XPlanePlugin   :  
INFO    : XPlanePlugin   :  
INFO    : XPlanePlugin   :  
INFO    : XPlanePlugin   :  
INFO    : XPlanePlugin   :  Touch Portal returned following:
INFO    : XPlanePlugin   :  Touch Portal returned following:
INFO    : XPlanePlugin   :  Touch Portal returned following:
INFO    : XPlanePlugin   :  Touch Portal returned following:
INFO    : XPlanePlugin   :  -------------------------------
INFO    : XPlanePlugin   :  -------------------------------
INFO    : XPlanePlugin   :  -------------------------------
INFO    : XPlanePlugin   :  -------------------------------
INFO    : XPlanePlugin   :  {'data': [{'id': 'XPlanePlugin.Dataref.SetTwoStates.Name', 'value': 'Adirs IR3'}, {'id': 'XPlanePlugin.Dataref.SetTwoStates.Value', 'value': '0'}], 'pluginId': 'XPlanePlugin', 'actionId': 'XPlanePlugin.Dataref.SetTwoStates', 'type': 'action'}
INFO    : XPlanePlugin   :  {'data': [{'id': 'XPlanePlugin.Dataref.SetTwoStates.Name', 'value': 'Adirs IR2'}, {'id': 'XPlanePlugin.Dataref.SetTwoStates.Value', 'value': '0'}], 'pluginId': 'XPlanePlugin', 'actionId': 'XPlanePlugin.Dataref.SetTwoStates', 'type': 'action'}
INFO    : XPlanePlugin   :  {'data': [{'id': 'XPlanePlugin.Dataref.SetTwoStates.Name', 'value': 'Adirs IR2'}, {'id': 'XPlanePlugin.Dataref.SetTwoStates.Value', 'value': '0'}], 'pluginId': 'XPlanePlugin', 'actionId': 'XPlanePlugin.Dataref.SetTwoStates', 'type': 'action'}
INFO    : XPlanePlugin   :  {'data': [{'id': 'XPlanePlugin.Dataref.SetTwoStates.Name', 'value': 'Battery 1'}, {'id': 'XPlanePlugin.Dataref.SetTwoStates.Value', 'value': '0'}], 'pluginId': 'XPlanePlugin', 'actionId': 'XPlanePlugin.Dataref.SetTwoStates', 'type': 'action'}
INFO    : XPlanePlugin   :  -------------------------------
INFO    : XPlanePlugin   :  -------------------------------
INFO    : XPlanePlugin   :  -------------------------------
INFO    : XPlanePlugin   :  -------------------------------
INFO    : XPlanePlugin   :  data : [{'id': 'XPlanePlugin.Dataref.SetTwoStates.Name', 'value': 'Adirs IR3'}, {'id': 'XPlanePlugin.Dataref.SetTwoStates.Value', 'value': '0'}]
INFO    : XPlanePlugin   :  data : [{'id': 'XPlanePlugin.Dataref.SetTwoStates.Name', 'value': 'Adirs IR2'}, {'id': 'XPlanePlugin.Dataref.SetTwoStates.Value', 'value': '0'}]
INFO    : XPlanePlugin   :  data : [{'id': 'XPlanePlugin.Dataref.SetTwoStates.Name', 'value': 'Adirs IR2'}, {'id': 'XPlanePlugin.Dataref.SetTwoStates.Value', 'value': '0'}]
INFO    : XPlanePlugin   :  data : [{'id': 'XPlanePlugin.Dataref.SetTwoStates.Name', 'value': 'Battery 1'}, {'id': 'XPlanePlugin.Dataref.SetTwoStates.Value', 'value': '0'}]
INFO    : XPlanePlugin   :  pluginId : XPlanePlugin
INFO    : XPlanePlugin   :  pluginId : XPlanePlugin
INFO    : XPlanePlugin   :  pluginId : XPlanePlugin
INFO    : XPlanePlugin   :  pluginId : XPlanePlugin
INFO    : XPlanePlugin   :  actionId (EVENT) : XPlanePlugin.Dataref.SetTwoStates
INFO    : XPlanePlugin   :  actionId (EVENT) : XPlanePlugin.Dataref.SetTwoStates
INFO    : XPlanePlugin   :  actionId (EVENT) : XPlanePlugin.Dataref.SetTwoStates
INFO    : XPlanePlugin   :  actionId (EVENT) : XPlanePlugin.Dataref.SetTwoStates
INFO    : XPlanePlugin   :  type : action
INFO    : XPlanePlugin   :  type : action
INFO    : XPlanePlugin   :  type : action
INFO    : XPlanePlugin   :  type : action
INFO    : XPlanePlugin   :  data value : Adirs IR3
INFO    : XPlanePlugin   :  data value : Adirs IR2
INFO    : XPlanePlugin   :  data value : Adirs IR2
INFO    : XPlanePlugin   :  data value : Battery 1
INFO    : XPlanePlugin   :  ##################
INFO    : XPlanePlugin   :  ##################
INFO    : XPlanePlugin   :  ##################
INFO    : XPlanePlugin   :  ##################
INFO    : XPlanePlugin   :  # CALL XPLANEUDP #
INFO    : XPlanePlugin   :  # CALL XPLANEUDP #
INFO    : XPlanePlugin   :  # CALL XPLANEUDP #
INFO    : XPlanePlugin   :  ##################
INFO    : XPlanePlugin   :  Call XPlaneUDP python with : XPlanePlugin.Dataref.SetTwoStates and AirbusFBW/ADIRUSwitchArray[1] with value 0
INFO    : XPlanePlugin   :  Dataref is AirbusFBW/ADIRUSwitchArray[1]
INFO    : XPlanePlugin   :  Value is 0
ERROR   : concurrent.futures:  exception calling callback for <Future at 0x18162d0ca90 state=finished raised NameError>
Traceback (most recent call last):
  File "C:\Program Files\Python310\lib\concurrent\futures\_base.py", line 342, in _invoke_callbacks
    callback(self)
  File "C:\Program Files\Python310\lib\site-packages\pyee\executor.py", line 64, in _callback
    self.emit("error", exc)
  File "C:\Program Files\Python310\lib\site-packages\pyee\base.py", line 179, in emit
    self._emit_handle_potential_error(event, args[0] if args else None)
  File "C:\Program Files\Python310\lib\site-packages\pyee\base.py", line 139, in _emit_handle_potential_error
    raise error
  File "C:\Program Files\Python310\lib\concurrent\futures\thread.py", line 58, in run
    result = self.fn(*self.args, **self.kwargs)
  File "C:\Users\couss\OneDrive\Bureau\XPlaneTouchPortalPlugin\TouchPortalSide\old_xplane_touch_portal_client.py", line 119, in onAction
    XPUPD.WriteDataRef(dataref,int(value))
NameError: name 'XPUPD' is not defined
INFO    : XPlanePlugin   :  ##################
INFO    : XPlanePlugin   :  ##################
INFO    : XPlanePlugin   :  Call XPlaneUDP python with : XPlanePlugin.Dataref.SetTwoStates and AirbusFBW/ADIRUSwitchArray[1] with value 0
INFO    : XPlanePlugin   :  Dataref is AirbusFBW/ADIRUSwitchArray[1]
INFO    : XPlanePlugin   :  Value is 0
ERROR   : concurrent.futures:  exception calling callback for <Future at 0x18162d0c6d0 state=finished raised NameError>
Traceback (most recent call last):
  File "C:\Program Files\Python310\lib\concurrent\futures\_base.py", line 342, in _invoke_callbacks
    callback(self)
  File "C:\Program Files\Python310\lib\site-packages\pyee\executor.py", line 64, in _callback
    self.emit("error", exc)
  File "C:\Program Files\Python310\lib\site-packages\pyee\base.py", line 179, in emit
    self._emit_handle_potential_error(event, args[0] if args else None)
  File "C:\Program Files\Python310\lib\site-packages\pyee\base.py", line 139, in _emit_handle_potential_error
    raise error
  File "C:\Program Files\Python310\lib\concurrent\futures\thread.py", line 58, in run
    result = self.fn(*self.args, **self.kwargs)
  File "C:\Users\couss\OneDrive\Bureau\XPlaneTouchPortalPlugin\TouchPortalSide\old_xplane_touch_portal_client.py", line 119, in onAction
    XPUPD.WriteDataRef(dataref,int(value))
NameError: name 'XPUPD' is not defined
INFO    : XPlanePlugin   :  Call XPlaneUDP python with : XPlanePlugin.Dataref.SetTwoStates and AirbusFBW/ADIRUSwitchArray[2] with value 0
INFO    : XPlanePlugin   :  # CALL XPLANEUDP #
INFO    : XPlanePlugin   :  ##################
WARNING : XPlanePlugin   :  Caught keyboard interrupt, exiting.
INFO    : XPlanePlugin   :  Dataref is AirbusFBW/ADIRUSwitchArray[2]
INFO    : XPlanePlugin   :  Value is 0
ERROR   : concurrent.futures:  exception calling callback for <Future at 0x18162d0c370 state=finished raised NameError>
Traceback (most recent call last):
  File "C:\Program Files\Python310\lib\concurrent\futures\_base.py", line 342, in _invoke_callbacks
    callback(self)
  File "C:\Program Files\Python310\lib\site-packages\pyee\executor.py", line 64, in _callback
    self.emit("error", exc)
  File "C:\Program Files\Python310\lib\site-packages\pyee\base.py", line 179, in emit
    self._emit_handle_potential_error(event, args[0] if args else None)
  File "C:\Program Files\Python310\lib\site-packages\pyee\base.py", line 139, in _emit_handle_potential_error
    raise error
  File "C:\Program Files\Python310\lib\concurrent\futures\thread.py", line 58, in run
    result = self.fn(*self.args, **self.kwargs)
  File "C:\Users\couss\OneDrive\Bureau\XPlaneTouchPortalPlugin\TouchPortalSide\old_xplane_touch_portal_client.py", line 119, in onAction
    XPUPD.WriteDataRef(dataref,int(value))
NameError: name 'XPUPD' is not defined
INFO    : XPlanePlugin   :  Call XPlaneUDP python with : XPlanePlugin.Dataref.SetTwoStates and AirbusFBW/ElecOHPArray[5] with value 0
INFO    : root           :  XPlanePlugin Disconnected from TouchPortal
INFO    : XPlanePlugin   :  Dataref is AirbusFBW/ElecOHPArray[5]
INFO    : XPlanePlugin   :  Value is 0
INFO    : XPlanePlugin   :  Starting XPlanePlugin v 1.0 stopped.
ERROR   : concurrent.futures:  exception calling callback for <Future at 0x18162d0ce50 state=finished raised NameError>
Traceback (most recent call last):
  File "C:\Program Files\Python310\lib\concurrent\futures\_base.py", line 342, in _invoke_callbacks
    callback(self)
  File "C:\Program Files\Python310\lib\site-packages\pyee\executor.py", line 64, in _callback
    self.emit("error", exc)
  File "C:\Program Files\Python310\lib\site-packages\pyee\base.py", line 179, in emit
    self._emit_handle_potential_error(event, args[0] if args else None)
  File "C:\Program Files\Python310\lib\site-packages\pyee\base.py", line 139, in _emit_handle_potential_error
    raise error
  File "C:\Program Files\Python310\lib\concurrent\futures\thread.py", line 58, in run
    result = self.fn(*self.args, **self.kwargs)
  File "C:\Users\couss\OneDrive\Bureau\XPlaneTouchPortalPlugin\TouchPortalSide\old_xplane_touch_portal_client.py", line 119, in onAction
    XPUPD.WriteDataRef(dataref,int(value))
NameError: name 'XPUPD' is not defined
